<?xml version="1.0" encoding="UTF-8"?>
<testsuite name="com.rba1aji.examinationmanagementsystem.ExaminationManagementSystemApplicationTests" tests="2" skipped="0" failures="0" errors="0" timestamp="2023-11-19T18:24:08" hostname="BALAJI" time="1.021">
  <properties/>
  <testcase name="readNumberCell()" classname="com.rba1aji.examinationmanagementsystem.ExaminationManagementSystemApplicationTests" time="1.013"/>
  <testcase name="contextLoads()" classname="com.rba1aji.examinationmanagementsystem.ExaminationManagementSystemApplicationTests" time="0.006"/>
  <system-out><![CDATA[23:53:49.267 [Test worker] INFO org.springframework.test.context.support.AnnotationConfigContextLoaderUtils -- Could not detect default configuration classes for test class [com.rba1aji.examinationmanagementsystem.ExaminationManagementSystemApplicationTests]: ExaminationManagementSystemApplicationTests does not declare any static, non-private, non-final, nested classes annotated with @Configuration.
23:53:49.912 [Test worker] INFO org.springframework.boot.test.context.SpringBootTestContextBootstrapper -- Found @SpringBootConfiguration com.rba1aji.examinationmanagementsystem.ExaminationManagementSystemApplication for test class com.rba1aji.examinationmanagementsystem.ExaminationManagementSystemApplicationTests
EXAMMS
2023-11-19T23:53:51.581+05:30  INFO 29532 --- [    Test worker] minationManagementSystemApplicationTests : Starting ExaminationManagementSystemApplicationTests using Java 17.0.6 with PID 29532 (started by Balaji in C:\Users\Balaji\projects2\examination-management-system\examination-management-system)
2023-11-19T23:53:51.586+05:30  INFO 29532 --- [    Test worker] minationManagementSystemApplicationTests : No active profile set, falling back to 1 default profile: "default"
2023-11-19T23:53:52.789+05:30  INFO 29532 --- [    Test worker] .s.d.r.c.RepositoryConfigurationDelegate : Bootstrapping Spring Data JPA repositories in DEFAULT mode.
2023-11-19T23:53:52.899+05:30  INFO 29532 --- [    Test worker] .s.d.r.c.RepositoryConfigurationDelegate : Finished Spring Data repository scanning in 97 ms. Found 9 JPA repository interfaces.
2023-11-19T23:53:54.857+05:30  INFO 29532 --- [    Test worker] o.hibernate.jpa.internal.util.LogHelper  : HHH000204: Processing PersistenceUnitInfo [name: default]
2023-11-19T23:53:55.044+05:30  INFO 29532 --- [    Test worker] org.hibernate.Version                    : HHH000412: Hibernate ORM core version 6.2.7.Final
2023-11-19T23:53:55.050+05:30  INFO 29532 --- [    Test worker] org.hibernate.cfg.Environment            : HHH000406: Using bytecode reflection optimizer
2023-11-19T23:53:55.375+05:30  INFO 29532 --- [    Test worker] o.h.b.i.BytecodeProviderInitiator        : HHH000021: Bytecode provider name : bytebuddy
2023-11-19T23:53:55.676+05:30  INFO 29532 --- [    Test worker] o.s.o.j.p.SpringPersistenceUnitInfo      : No LoadTimeWeaver setup: ignoring JPA class transformer
2023-11-19T23:53:55.710+05:30  INFO 29532 --- [    Test worker] com.zaxxer.hikari.HikariDataSource       : HikariPool-1 - Starting...
2023-11-19T23:53:59.500+05:30  INFO 29532 --- [    Test worker] com.zaxxer.hikari.pool.HikariPool        : HikariPool-1 - Added connection org.postgresql.jdbc.PgConnection@3451fc88
2023-11-19T23:53:59.504+05:30  INFO 29532 --- [    Test worker] com.zaxxer.hikari.HikariDataSource       : HikariPool-1 - Start completed.
2023-11-19T23:54:00.518+05:30  INFO 29532 --- [    Test worker] o.h.b.i.BytecodeProviderInitiator        : HHH000021: Bytecode provider name : bytebuddy
2023-11-19T23:54:02.066+05:30  INFO 29532 --- [    Test worker] o.h.e.t.j.p.i.JtaPlatformInitiator       : HHH000490: Using JtaPlatform implementation: [org.hibernate.engine.transaction.jta.platform.internal.NoJtaPlatform]
Hibernate: alter table if exists exam_batch alter column end_time set data type timestamp(6)
Hibernate: alter table if exists exam_batch alter column start_time set data type timestamp(6)
Hibernate: alter table if exists student alter column date_of_birth set data type timestamp(6)
2023-11-19T23:54:05.673+05:30  INFO 29532 --- [    Test worker] j.LocalContainerEntityManagerFactoryBean : Initialized JPA EntityManagerFactory for persistence unit 'default'
2023-11-19T23:54:07.154+05:30  WARN 29532 --- [    Test worker] JpaBaseConfiguration$JpaWebConfiguration : spring.jpa.open-in-view is enabled by default. Therefore, database queries may be performed during view rendering. Explicitly configure spring.jpa.open-in-view to disable this warning
2023-11-19T23:54:07.422+05:30  INFO 29532 --- [    Test worker] o.s.s.web.DefaultSecurityFilterChain     : Will secure any request with [org.springframework.security.web.session.DisableEncodeUrlFilter@1cecd0a9, org.springframework.security.web.context.request.async.WebAsyncManagerIntegrationFilter@4822d7a1, org.springframework.security.web.context.SecurityContextHolderFilter@308d8de8, org.springframework.security.web.header.HeaderWriterFilter@39eea4f6, org.springframework.security.web.authentication.logout.LogoutFilter@326d39fd, com.rba1aji.examinationmanagementsystem.security.CrossOriginFilter@51d2d336, com.rba1aji.examinationmanagementsystem.security.JwtAuthFilter@4d7fba20, org.springframework.security.web.savedrequest.RequestCacheAwareFilter@6c37c36, org.springframework.security.web.servletapi.SecurityContextHolderAwareRequestFilter@7d816d32, org.springframework.security.web.authentication.AnonymousAuthenticationFilter@6fa5fc67, org.springframework.security.web.access.ExceptionTranslationFilter@49522bdf, org.springframework.security.web.access.intercept.AuthorizationFilter@173602c0]
2023-11-19T23:54:08.367+05:30  INFO 29532 --- [    Test worker] minationManagementSystemApplicationTests : Started ExaminationManagementSystemApplicationTests in 17.613 seconds (process running for 22.674)

]]></system-out>
  <system-err><![CDATA[]]></system-err>
</testsuite>
