<?xml version="1.0" encoding="UTF-8"?>
<testsuite name="com.rba1aji.examinationmanagementsystem.ExaminationManagementSystemApplicationTests" tests="2" skipped="0" failures="0" errors="0" timestamp="2023-11-19T19:41:48" hostname="BALAJI" time="2.695">
  <properties/>
  <testcase name="readNumberCell()" classname="com.rba1aji.examinationmanagementsystem.ExaminationManagementSystemApplicationTests" time="2.647"/>
  <testcase name="contextLoads()" classname="com.rba1aji.examinationmanagementsystem.ExaminationManagementSystemApplicationTests" time="0.041"/>
  <system-out><![CDATA[01:11:12.783 [Test worker] INFO org.springframework.test.context.support.AnnotationConfigContextLoaderUtils -- Could not detect default configuration classes for test class [com.rba1aji.examinationmanagementsystem.ExaminationManagementSystemApplicationTests]: ExaminationManagementSystemApplicationTests does not declare any static, non-private, non-final, nested classes annotated with @Configuration.
01:11:12.973 [Test worker] INFO org.springframework.boot.test.context.SpringBootTestContextBootstrapper -- Found @SpringBootConfiguration com.rba1aji.examinationmanagementsystem.ExaminationManagementSystemApplication for test class com.rba1aji.examinationmanagementsystem.ExaminationManagementSystemApplicationTests
EXAMMS
2023-11-20T01:11:13.947+05:30  INFO 23236 --- [    Test worker] minationManagementSystemApplicationTests : Starting ExaminationManagementSystemApplicationTests using Java 17.0.6 with PID 23236 (started by Balaji in C:\Users\Balaji\projects2\examination-management-system\examination-management-system)
2023-11-20T01:11:13.951+05:30  INFO 23236 --- [    Test worker] minationManagementSystemApplicationTests : No active profile set, falling back to 1 default profile: "default"
2023-11-20T01:11:15.508+05:30  INFO 23236 --- [    Test worker] .s.d.r.c.RepositoryConfigurationDelegate : Bootstrapping Spring Data JPA repositories in DEFAULT mode.
2023-11-20T01:11:15.694+05:30  INFO 23236 --- [    Test worker] .s.d.r.c.RepositoryConfigurationDelegate : Finished Spring Data repository scanning in 158 ms. Found 9 JPA repository interfaces.
2023-11-20T01:11:17.546+05:30  INFO 23236 --- [    Test worker] o.hibernate.jpa.internal.util.LogHelper  : HHH000204: Processing PersistenceUnitInfo [name: default]
2023-11-20T01:11:17.697+05:30  INFO 23236 --- [    Test worker] org.hibernate.Version                    : HHH000412: Hibernate ORM core version 6.2.7.Final
2023-11-20T01:11:17.702+05:30  INFO 23236 --- [    Test worker] org.hibernate.cfg.Environment            : HHH000406: Using bytecode reflection optimizer
2023-11-20T01:11:18.177+05:30  INFO 23236 --- [    Test worker] o.h.b.i.BytecodeProviderInitiator        : HHH000021: Bytecode provider name : bytebuddy
2023-11-20T01:11:18.719+05:30  INFO 23236 --- [    Test worker] o.s.o.j.p.SpringPersistenceUnitInfo      : No LoadTimeWeaver setup: ignoring JPA class transformer
2023-11-20T01:11:18.765+05:30  INFO 23236 --- [    Test worker] com.zaxxer.hikari.HikariDataSource       : HikariPool-1 - Starting...
2023-11-20T01:11:21.803+05:30  INFO 23236 --- [    Test worker] com.zaxxer.hikari.pool.HikariPool        : HikariPool-1 - Added connection org.postgresql.jdbc.PgConnection@194037f9
2023-11-20T01:11:21.813+05:30  INFO 23236 --- [    Test worker] com.zaxxer.hikari.HikariDataSource       : HikariPool-1 - Start completed.
2023-11-20T01:11:24.537+05:30  INFO 23236 --- [    Test worker] o.h.b.i.BytecodeProviderInitiator        : HHH000021: Bytecode provider name : bytebuddy
2023-11-20T01:11:30.811+05:30  INFO 23236 --- [    Test worker] o.h.e.t.j.p.i.JtaPlatformInitiator       : HHH000490: Using JtaPlatform implementation: [org.hibernate.engine.transaction.jta.platform.internal.NoJtaPlatform]
Hibernate: alter table if exists exam_batch alter column end_time set data type timestamp(6)
Hibernate: alter table if exists exam_batch alter column start_time set data type timestamp(6)
Hibernate: alter table if exists student alter column date_of_birth set data type timestamp(6)
2023-11-20T01:11:33.981+05:30  INFO 23236 --- [    Test worker] j.LocalContainerEntityManagerFactoryBean : Initialized JPA EntityManagerFactory for persistence unit 'default'
2023-11-20T01:11:42.427+05:30  WARN 23236 --- [    Test worker] JpaBaseConfiguration$JpaWebConfiguration : spring.jpa.open-in-view is enabled by default. Therefore, database queries may be performed during view rendering. Explicitly configure spring.jpa.open-in-view to disable this warning
2023-11-20T01:11:42.994+05:30  INFO 23236 --- [    Test worker] o.s.s.web.DefaultSecurityFilterChain     : Will secure any request with [org.springframework.security.web.session.DisableEncodeUrlFilter@7a4199e5, org.springframework.security.web.context.request.async.WebAsyncManagerIntegrationFilter@6fe55fcf, org.springframework.security.web.context.SecurityContextHolderFilter@c8d20bb, org.springframework.security.web.header.HeaderWriterFilter@789d45f7, org.springframework.security.web.authentication.logout.LogoutFilter@443d94ae, com.rba1aji.examinationmanagementsystem.security.CrossOriginFilter@6e4bccc, com.rba1aji.examinationmanagementsystem.security.JwtAuthFilter@2d568cff, org.springframework.security.web.savedrequest.RequestCacheAwareFilter@59f56892, org.springframework.security.web.servletapi.SecurityContextHolderAwareRequestFilter@5a983f8a, org.springframework.security.web.authentication.AnonymousAuthenticationFilter@4d1f6e1c, org.springframework.security.web.access.ExceptionTranslationFilter@10acfe30, org.springframework.security.web.access.intercept.AuthorizationFilter@73ba3c4b]
2023-11-20T01:11:48.391+05:30  INFO 23236 --- [    Test worker] minationManagementSystemApplicationTests : Started ExaminationManagementSystemApplicationTests in 35.083 seconds (process running for 38.054)

]]></system-out>
  <system-err><![CDATA[]]></system-err>
</testsuite>
