<?xml version="1.0" encoding="UTF-8"?>
<testsuite name="com.rba1aji.examinationmanagementsystem.ExaminationManagementSystemApplicationTests" tests="2" skipped="0" failures="0" errors="0" timestamp="2023-12-02T17:10:10" hostname="balaji" time="0.368">
  <properties/>
  <testcase name="readNumberCell()" classname="com.rba1aji.examinationmanagementsystem.ExaminationManagementSystemApplicationTests" time="0.365"/>
  <testcase name="contextLoads()" classname="com.rba1aji.examinationmanagementsystem.ExaminationManagementSystemApplicationTests" time="0.002"/>
  <system-out><![CDATA[22:40:02.059 [Test worker] INFO org.springframework.test.context.support.AnnotationConfigContextLoaderUtils -- Could not detect default configuration classes for test class [com.rba1aji.examinationmanagementsystem.ExaminationManagementSystemApplicationTests]: ExaminationManagementSystemApplicationTests does not declare any static, non-private, non-final, nested classes annotated with @Configuration.
22:40:02.125 [Test worker] INFO org.springframework.boot.test.context.SpringBootTestContextBootstrapper -- Found @SpringBootConfiguration com.rba1aji.examinationmanagementsystem.ExaminationManagementSystemApplication for test class com.rba1aji.examinationmanagementsystem.ExaminationManagementSystemApplicationTests
EXAMMS
2023-12-02T22:40:02.377+05:30  INFO 30231 --- [    Test worker] minationManagementSystemApplicationTests : Starting ExaminationManagementSystemApplicationTests using Java 17.0.9 with PID 30231 (started by balaji in /home/balaji/projects/examms-service)
2023-12-02T22:40:02.380+05:30  INFO 30231 --- [    Test worker] minationManagementSystemApplicationTests : No active profile set, falling back to 1 default profile: "default"
2023-12-02T22:40:02.714+05:30  INFO 30231 --- [    Test worker] .s.d.r.c.RepositoryConfigurationDelegate : Bootstrapping Spring Data JPA repositories in DEFAULT mode.
2023-12-02T22:40:02.748+05:30  INFO 30231 --- [    Test worker] .s.d.r.c.RepositoryConfigurationDelegate : Finished Spring Data repository scanning in 29 ms. Found 9 JPA repository interfaces.
2023-12-02T22:40:03.141+05:30  INFO 30231 --- [    Test worker] o.hibernate.jpa.internal.util.LogHelper  : HHH000204: Processing PersistenceUnitInfo [name: default]
2023-12-02T22:40:03.164+05:30  INFO 30231 --- [    Test worker] org.hibernate.Version                    : HHH000412: Hibernate ORM core version 6.2.7.Final
2023-12-02T22:40:03.165+05:30  INFO 30231 --- [    Test worker] org.hibernate.cfg.Environment            : HHH000406: Using bytecode reflection optimizer
2023-12-02T22:40:03.231+05:30  INFO 30231 --- [    Test worker] o.h.b.i.BytecodeProviderInitiator        : HHH000021: Bytecode provider name : bytebuddy
2023-12-02T22:40:03.294+05:30  INFO 30231 --- [    Test worker] o.s.o.j.p.SpringPersistenceUnitInfo      : No LoadTimeWeaver setup: ignoring JPA class transformer
2023-12-02T22:40:03.302+05:30  INFO 30231 --- [    Test worker] com.zaxxer.hikari.HikariDataSource       : HikariPool-1 - Starting...
2023-12-02T22:40:04.496+05:30  INFO 30231 --- [    Test worker] com.zaxxer.hikari.pool.HikariPool        : HikariPool-1 - Added connection org.postgresql.jdbc.PgConnection@75d539b9
2023-12-02T22:40:04.498+05:30  INFO 30231 --- [    Test worker] com.zaxxer.hikari.HikariDataSource       : HikariPool-1 - Start completed.
2023-12-02T22:40:04.961+05:30  INFO 30231 --- [    Test worker] o.h.b.i.BytecodeProviderInitiator        : HHH000021: Bytecode provider name : bytebuddy
2023-12-02T22:40:05.401+05:30  INFO 30231 --- [    Test worker] o.h.e.t.j.p.i.JtaPlatformInitiator       : HHH000490: Using JtaPlatform implementation: [org.hibernate.engine.transaction.jta.platform.internal.NoJtaPlatform]
Hibernate: alter table if exists exam_batch alter column end_time set data type timestamp(6)
Hibernate: alter table if exists exam_batch alter column start_time set data type timestamp(6)
Hibernate: alter table if exists student alter column date_of_birth set data type timestamp(6)
2023-12-02T22:40:10.169+05:30  INFO 30231 --- [    Test worker] j.LocalContainerEntityManagerFactoryBean : Initialized JPA EntityManagerFactory for persistence unit 'default'
2023-12-02T22:40:10.583+05:30  WARN 30231 --- [    Test worker] JpaBaseConfiguration$JpaWebConfiguration : spring.jpa.open-in-view is enabled by default. Therefore, database queries may be performed during view rendering. Explicitly configure spring.jpa.open-in-view to disable this warning
2023-12-02T22:40:10.644+05:30  INFO 30231 --- [    Test worker] o.s.s.web.DefaultSecurityFilterChain     : Will secure any request with [org.springframework.security.web.session.DisableEncodeUrlFilter@62f63625, org.springframework.security.web.context.request.async.WebAsyncManagerIntegrationFilter@53f18591, org.springframework.security.web.context.SecurityContextHolderFilter@57e35236, org.springframework.security.web.header.HeaderWriterFilter@2db0dd19, org.springframework.security.web.authentication.logout.LogoutFilter@7fec6c2f, com.rba1aji.examinationmanagementsystem.security.CrossOriginFilter@54816d7a, com.rba1aji.examinationmanagementsystem.security.JwtAuthFilter@6491006, org.springframework.security.web.savedrequest.RequestCacheAwareFilter@36b2b6e6, org.springframework.security.web.servletapi.SecurityContextHolderAwareRequestFilter@484b187c, org.springframework.security.web.authentication.AnonymousAuthenticationFilter@4dfbe8c2, org.springframework.security.web.access.ExceptionTranslationFilter@b91e024, org.springframework.security.web.access.intercept.AuthorizationFilter@4a0a93ce]
2023-12-02T22:40:10.893+05:30  INFO 30231 --- [    Test worker] minationManagementSystemApplicationTests : Started ExaminationManagementSystemApplicationTests in 8.685 seconds (process running for 9.373)

]]></system-out>
  <system-err><![CDATA[]]></system-err>
</testsuite>
