<?xml version="1.0" encoding="UTF-8"?>
<testsuite name="com.rba1aji.examinationmanagementsystem.ExaminationManagementSystemApplicationTests" tests="2" skipped="0" failures="0" errors="0" timestamp="2023-11-24T08:01:01" hostname="BALAJI" time="0.678">
  <properties/>
  <testcase name="readNumberCell()" classname="com.rba1aji.examinationmanagementsystem.ExaminationManagementSystemApplicationTests" time="0.672"/>
  <testcase name="contextLoads()" classname="com.rba1aji.examinationmanagementsystem.ExaminationManagementSystemApplicationTests" time="0.005"/>
  <system-out><![CDATA[13:30:41.151 [Test worker] INFO org.springframework.test.context.support.AnnotationConfigContextLoaderUtils -- Could not detect default configuration classes for test class [com.rba1aji.examinationmanagementsystem.ExaminationManagementSystemApplicationTests]: ExaminationManagementSystemApplicationTests does not declare any static, non-private, non-final, nested classes annotated with @Configuration.
13:30:41.334 [Test worker] INFO org.springframework.boot.test.context.SpringBootTestContextBootstrapper -- Found @SpringBootConfiguration com.rba1aji.examinationmanagementsystem.ExaminationManagementSystemApplication for test class com.rba1aji.examinationmanagementsystem.ExaminationManagementSystemApplicationTests
EXAMMS
2023-11-24T13:30:42.012+05:30  INFO 19272 --- [    Test worker] minationManagementSystemApplicationTests : Starting ExaminationManagementSystemApplicationTests using Java 17.0.6 with PID 19272 (started by Balaji in C:\Users\Balaji\projects2\examms-service)
2023-11-24T13:30:42.015+05:30  INFO 19272 --- [    Test worker] minationManagementSystemApplicationTests : No active profile set, falling back to 1 default profile: "default"
2023-11-24T13:30:43.073+05:30  INFO 19272 --- [    Test worker] .s.d.r.c.RepositoryConfigurationDelegate : Bootstrapping Spring Data JPA repositories in DEFAULT mode.
2023-11-24T13:30:43.229+05:30  INFO 19272 --- [    Test worker] .s.d.r.c.RepositoryConfigurationDelegate : Finished Spring Data repository scanning in 138 ms. Found 9 JPA repository interfaces.
2023-11-24T13:30:44.827+05:30  INFO 19272 --- [    Test worker] o.hibernate.jpa.internal.util.LogHelper  : HHH000204: Processing PersistenceUnitInfo [name: default]
2023-11-24T13:30:44.964+05:30  INFO 19272 --- [    Test worker] org.hibernate.Version                    : HHH000412: Hibernate ORM core version 6.2.7.Final
2023-11-24T13:30:44.969+05:30  INFO 19272 --- [    Test worker] org.hibernate.cfg.Environment            : HHH000406: Using bytecode reflection optimizer
2023-11-24T13:30:45.257+05:30  INFO 19272 --- [    Test worker] o.h.b.i.BytecodeProviderInitiator        : HHH000021: Bytecode provider name : bytebuddy
2023-11-24T13:30:45.471+05:30  INFO 19272 --- [    Test worker] o.s.o.j.p.SpringPersistenceUnitInfo      : No LoadTimeWeaver setup: ignoring JPA class transformer
2023-11-24T13:30:45.488+05:30  INFO 19272 --- [    Test worker] com.zaxxer.hikari.HikariDataSource       : HikariPool-1 - Starting...
2023-11-24T13:30:47.221+05:30  INFO 19272 --- [    Test worker] com.zaxxer.hikari.pool.HikariPool        : HikariPool-1 - Added connection org.postgresql.jdbc.PgConnection@2f038d3c
2023-11-24T13:30:47.225+05:30  INFO 19272 --- [    Test worker] com.zaxxer.hikari.HikariDataSource       : HikariPool-1 - Start completed.
2023-11-24T13:30:48.290+05:30  INFO 19272 --- [    Test worker] o.h.b.i.BytecodeProviderInitiator        : HHH000021: Bytecode provider name : bytebuddy
2023-11-24T13:30:49.690+05:30  INFO 19272 --- [    Test worker] o.h.e.t.j.p.i.JtaPlatformInitiator       : HHH000490: Using JtaPlatform implementation: [org.hibernate.engine.transaction.jta.platform.internal.NoJtaPlatform]
Hibernate: alter table if exists exam_batch alter column end_time set data type timestamp(6)
Hibernate: alter table if exists exam_batch alter column start_time set data type timestamp(6)
Hibernate: alter table if exists student alter column date_of_birth set data type timestamp(6)
2023-11-24T13:30:58.849+05:30  INFO 19272 --- [    Test worker] j.LocalContainerEntityManagerFactoryBean : Initialized JPA EntityManagerFactory for persistence unit 'default'
2023-11-24T13:31:00.300+05:30  WARN 19272 --- [    Test worker] JpaBaseConfiguration$JpaWebConfiguration : spring.jpa.open-in-view is enabled by default. Therefore, database queries may be performed during view rendering. Explicitly configure spring.jpa.open-in-view to disable this warning
2023-11-24T13:31:00.543+05:30  INFO 19272 --- [    Test worker] o.s.s.web.DefaultSecurityFilterChain     : Will secure any request with [org.springframework.security.web.session.DisableEncodeUrlFilter@29becf8b, org.springframework.security.web.context.request.async.WebAsyncManagerIntegrationFilter@628b1538, org.springframework.security.web.context.SecurityContextHolderFilter@443d94ae, org.springframework.security.web.header.HeaderWriterFilter@7d816d32, org.springframework.security.web.authentication.logout.LogoutFilter@173602c0, com.rba1aji.examinationmanagementsystem.security.CrossOriginFilter@1be3a294, com.rba1aji.examinationmanagementsystem.security.JwtAuthFilter@231c521e, org.springframework.security.web.savedrequest.RequestCacheAwareFilter@2b551e7b, org.springframework.security.web.servletapi.SecurityContextHolderAwareRequestFilter@333e01c6, org.springframework.security.web.authentication.AnonymousAuthenticationFilter@36995784, org.springframework.security.web.access.ExceptionTranslationFilter@5e38329d, org.springframework.security.web.access.intercept.AuthorizationFilter@7d453075]
2023-11-24T13:31:01.497+05:30  INFO 19272 --- [    Test worker] minationManagementSystemApplicationTests : Started ExaminationManagementSystemApplicationTests in 19.868 seconds (process running for 21.753)

]]></system-out>
  <system-err><![CDATA[]]></system-err>
</testsuite>
