<?xml version="1.0" encoding="UTF-8"?>
<testsuite name="com.rba1aji.examinationmanagementsystem.ExaminationManagementSystemApplicationTests" tests="2" skipped="0" failures="0" errors="0" timestamp="2023-12-02T18:27:12" hostname="balaji" time="0.605">
  <properties/>
  <testcase name="readNumberCell()" classname="com.rba1aji.examinationmanagementsystem.ExaminationManagementSystemApplicationTests" time="0.599"/>
  <testcase name="contextLoads()" classname="com.rba1aji.examinationmanagementsystem.ExaminationManagementSystemApplicationTests" time="0.004"/>
  <system-out><![CDATA[23:57:02.832 [Test worker] INFO org.springframework.test.context.support.AnnotationConfigContextLoaderUtils -- Could not detect default configuration classes for test class [com.rba1aji.examinationmanagementsystem.ExaminationManagementSystemApplicationTests]: ExaminationManagementSystemApplicationTests does not declare any static, non-private, non-final, nested classes annotated with @Configuration.
23:57:02.996 [Test worker] INFO org.springframework.boot.test.context.SpringBootTestContextBootstrapper -- Found @SpringBootConfiguration com.rba1aji.examinationmanagementsystem.ExaminationManagementSystemApplication for test class com.rba1aji.examinationmanagementsystem.ExaminationManagementSystemApplicationTests
EXAMMS
2023-12-02T23:57:03.399+05:30  INFO 45860 --- [    Test worker] minationManagementSystemApplicationTests : Starting ExaminationManagementSystemApplicationTests using Java 17.0.9 with PID 45860 (started by balaji in /home/balaji/projects/examms-service)
2023-12-02T23:57:03.403+05:30  INFO 45860 --- [    Test worker] minationManagementSystemApplicationTests : No active profile set, falling back to 1 default profile: "default"
2023-12-02T23:57:03.933+05:30  INFO 45860 --- [    Test worker] .s.d.r.c.RepositoryConfigurationDelegate : Bootstrapping Spring Data JPA repositories in DEFAULT mode.
2023-12-02T23:57:04.025+05:30  INFO 45860 --- [    Test worker] .s.d.r.c.RepositoryConfigurationDelegate : Finished Spring Data repository scanning in 82 ms. Found 9 JPA repository interfaces.
2023-12-02T23:57:04.884+05:30  INFO 45860 --- [    Test worker] o.hibernate.jpa.internal.util.LogHelper  : HHH000204: Processing PersistenceUnitInfo [name: default]
2023-12-02T23:57:04.933+05:30  INFO 45860 --- [    Test worker] org.hibernate.Version                    : HHH000412: Hibernate ORM core version 6.2.7.Final
2023-12-02T23:57:04.936+05:30  INFO 45860 --- [    Test worker] org.hibernate.cfg.Environment            : HHH000406: Using bytecode reflection optimizer
2023-12-02T23:57:05.072+05:30  INFO 45860 --- [    Test worker] o.h.b.i.BytecodeProviderInitiator        : HHH000021: Bytecode provider name : bytebuddy
2023-12-02T23:57:05.161+05:30  INFO 45860 --- [    Test worker] o.s.o.j.p.SpringPersistenceUnitInfo      : No LoadTimeWeaver setup: ignoring JPA class transformer
2023-12-02T23:57:05.171+05:30  INFO 45860 --- [    Test worker] com.zaxxer.hikari.HikariDataSource       : HikariPool-1 - Starting...
2023-12-02T23:57:06.570+05:30  INFO 45860 --- [    Test worker] com.zaxxer.hikari.pool.HikariPool        : HikariPool-1 - Added connection org.postgresql.jdbc.PgConnection@75d539b9
2023-12-02T23:57:06.572+05:30  INFO 45860 --- [    Test worker] com.zaxxer.hikari.HikariDataSource       : HikariPool-1 - Start completed.
2023-12-02T23:57:07.030+05:30  INFO 45860 --- [    Test worker] o.h.b.i.BytecodeProviderInitiator        : HHH000021: Bytecode provider name : bytebuddy
2023-12-02T23:57:07.730+05:30  INFO 45860 --- [    Test worker] o.h.e.t.j.p.i.JtaPlatformInitiator       : HHH000490: Using JtaPlatform implementation: [org.hibernate.engine.transaction.jta.platform.internal.NoJtaPlatform]
Hibernate: alter table if exists exam_batch alter column end_time set data type timestamp(6)
Hibernate: alter table if exists exam_batch alter column start_time set data type timestamp(6)
Hibernate: alter table if exists student alter column date_of_birth set data type timestamp(6)
2023-12-02T23:57:10.843+05:30  INFO 45860 --- [    Test worker] j.LocalContainerEntityManagerFactoryBean : Initialized JPA EntityManagerFactory for persistence unit 'default'
2023-12-02T23:57:11.550+05:30  WARN 45860 --- [    Test worker] JpaBaseConfiguration$JpaWebConfiguration : spring.jpa.open-in-view is enabled by default. Therefore, database queries may be performed during view rendering. Explicitly configure spring.jpa.open-in-view to disable this warning
2023-12-02T23:57:11.635+05:30  INFO 45860 --- [    Test worker] o.s.s.web.DefaultSecurityFilterChain     : Will secure any request with [org.springframework.security.web.session.DisableEncodeUrlFilter@96271d8, org.springframework.security.web.context.request.async.WebAsyncManagerIntegrationFilter@15f3f9cf, org.springframework.security.web.context.SecurityContextHolderFilter@6b3a1151, org.springframework.security.web.header.HeaderWriterFilter@6030eff1, org.springframework.security.web.authentication.logout.LogoutFilter@5fe19d0e, com.rba1aji.examinationmanagementsystem.security.CrossOriginFilter@54816d7a, com.rba1aji.examinationmanagementsystem.security.JwtAuthFilter@6491006, org.springframework.security.web.savedrequest.RequestCacheAwareFilter@46bbcb82, org.springframework.security.web.servletapi.SecurityContextHolderAwareRequestFilter@354ff4f6, org.springframework.security.web.authentication.AnonymousAuthenticationFilter@7b8d1537, org.springframework.security.web.access.ExceptionTranslationFilter@730611a0, org.springframework.security.web.access.intercept.AuthorizationFilter@67e12e28]
2023-12-02T23:57:12.097+05:30  INFO 45860 --- [    Test worker] minationManagementSystemApplicationTests : Started ExaminationManagementSystemApplicationTests in 8.948 seconds (process running for 11.473)

]]></system-out>
  <system-err><![CDATA[]]></system-err>
</testsuite>
