<?xml version="1.0" encoding="UTF-8"?>
<testsuite name="com.rba1aji.examinationmanagementsystem.ExaminationManagementSystemApplicationTests" tests="2" skipped="0" failures="0" errors="0" timestamp="2023-11-19T18:26:19" hostname="BALAJI" time="2.108">
  <properties/>
  <testcase name="readNumberCell()" classname="com.rba1aji.examinationmanagementsystem.ExaminationManagementSystemApplicationTests" time="2.099"/>
  <testcase name="contextLoads()" classname="com.rba1aji.examinationmanagementsystem.ExaminationManagementSystemApplicationTests" time="0.007"/>
  <system-out><![CDATA[23:56:01.263 [Test worker] INFO org.springframework.test.context.support.AnnotationConfigContextLoaderUtils -- Could not detect default configuration classes for test class [com.rba1aji.examinationmanagementsystem.ExaminationManagementSystemApplicationTests]: ExaminationManagementSystemApplicationTests does not declare any static, non-private, non-final, nested classes annotated with @Configuration.
23:56:01.600 [Test worker] INFO org.springframework.boot.test.context.SpringBootTestContextBootstrapper -- Found @SpringBootConfiguration com.rba1aji.examinationmanagementsystem.ExaminationManagementSystemApplication for test class com.rba1aji.examinationmanagementsystem.ExaminationManagementSystemApplicationTests
EXAMMS
2023-11-19T23:56:02.777+05:30  INFO 6248 --- [    Test worker] minationManagementSystemApplicationTests : Starting ExaminationManagementSystemApplicationTests using Java 17.0.6 with PID 6248 (started by Balaji in C:\Users\Balaji\projects2\examination-management-system\examination-management-system)
2023-11-19T23:56:02.781+05:30  INFO 6248 --- [    Test worker] minationManagementSystemApplicationTests : No active profile set, falling back to 1 default profile: "default"
2023-11-19T23:56:04.361+05:30  INFO 6248 --- [    Test worker] .s.d.r.c.RepositoryConfigurationDelegate : Bootstrapping Spring Data JPA repositories in DEFAULT mode.
2023-11-19T23:56:04.548+05:30  INFO 6248 --- [    Test worker] .s.d.r.c.RepositoryConfigurationDelegate : Finished Spring Data repository scanning in 168 ms. Found 9 JPA repository interfaces.
2023-11-19T23:56:06.452+05:30  INFO 6248 --- [    Test worker] o.hibernate.jpa.internal.util.LogHelper  : HHH000204: Processing PersistenceUnitInfo [name: default]
2023-11-19T23:56:06.651+05:30  INFO 6248 --- [    Test worker] org.hibernate.Version                    : HHH000412: Hibernate ORM core version 6.2.7.Final
2023-11-19T23:56:06.657+05:30  INFO 6248 --- [    Test worker] org.hibernate.cfg.Environment            : HHH000406: Using bytecode reflection optimizer
2023-11-19T23:56:07.023+05:30  INFO 6248 --- [    Test worker] o.h.b.i.BytecodeProviderInitiator        : HHH000021: Bytecode provider name : bytebuddy
2023-11-19T23:56:07.407+05:30  INFO 6248 --- [    Test worker] o.s.o.j.p.SpringPersistenceUnitInfo      : No LoadTimeWeaver setup: ignoring JPA class transformer
2023-11-19T23:56:07.449+05:30  INFO 6248 --- [    Test worker] com.zaxxer.hikari.HikariDataSource       : HikariPool-1 - Starting...
2023-11-19T23:56:09.916+05:30  INFO 6248 --- [    Test worker] com.zaxxer.hikari.pool.HikariPool        : HikariPool-1 - Added connection org.postgresql.jdbc.PgConnection@194037f9
2023-11-19T23:56:09.919+05:30  INFO 6248 --- [    Test worker] com.zaxxer.hikari.HikariDataSource       : HikariPool-1 - Start completed.
2023-11-19T23:56:10.958+05:30  INFO 6248 --- [    Test worker] o.h.b.i.BytecodeProviderInitiator        : HHH000021: Bytecode provider name : bytebuddy
2023-11-19T23:56:12.376+05:30  INFO 6248 --- [    Test worker] o.h.e.t.j.p.i.JtaPlatformInitiator       : HHH000490: Using JtaPlatform implementation: [org.hibernate.engine.transaction.jta.platform.internal.NoJtaPlatform]
Hibernate: alter table if exists exam_batch alter column end_time set data type timestamp(6)
Hibernate: alter table if exists exam_batch alter column start_time set data type timestamp(6)
Hibernate: alter table if exists student alter column date_of_birth set data type timestamp(6)
2023-11-19T23:56:15.369+05:30  INFO 6248 --- [    Test worker] j.LocalContainerEntityManagerFactoryBean : Initialized JPA EntityManagerFactory for persistence unit 'default'
2023-11-19T23:56:16.993+05:30  WARN 6248 --- [    Test worker] JpaBaseConfiguration$JpaWebConfiguration : spring.jpa.open-in-view is enabled by default. Therefore, database queries may be performed during view rendering. Explicitly configure spring.jpa.open-in-view to disable this warning
2023-11-19T23:56:17.332+05:30  INFO 6248 --- [    Test worker] o.s.s.web.DefaultSecurityFilterChain     : Will secure any request with [org.springframework.security.web.session.DisableEncodeUrlFilter@7d453075, org.springframework.security.web.context.request.async.WebAsyncManagerIntegrationFilter@16df0ebd, org.springframework.security.web.context.SecurityContextHolderFilter@4f5ad6b7, org.springframework.security.web.header.HeaderWriterFilter@5e38329d, org.springframework.security.web.authentication.logout.LogoutFilter@cc3fc5c, com.rba1aji.examinationmanagementsystem.security.CrossOriginFilter@6e4bccc, com.rba1aji.examinationmanagementsystem.security.JwtAuthFilter@2d568cff, org.springframework.security.web.savedrequest.RequestCacheAwareFilter@443d94ae, org.springframework.security.web.servletapi.SecurityContextHolderAwareRequestFilter@1e5921ec, org.springframework.security.web.authentication.AnonymousAuthenticationFilter@29becf8b, org.springframework.security.web.access.ExceptionTranslationFilter@6c37c36, org.springframework.security.web.access.intercept.AuthorizationFilter@33319df0]
2023-11-19T23:56:19.517+05:30  INFO 6248 --- [    Test worker] minationManagementSystemApplicationTests : Started ExaminationManagementSystemApplicationTests in 17.511 seconds (process running for 21.001)

]]></system-out>
  <system-err><![CDATA[]]></system-err>
</testsuite>
