<?xml version="1.0" encoding="UTF-8"?>
<testsuite name="com.rba1aji.examinationmanagementsystem.ExaminationManagementSystemApplicationTests" tests="2" skipped="0" failures="0" errors="0" timestamp="2023-11-20T20:18:15" hostname="BALAJI" time="0.897">
  <properties/>
  <testcase name="readNumberCell()" classname="com.rba1aji.examinationmanagementsystem.ExaminationManagementSystemApplicationTests" time="0.889"/>
  <testcase name="contextLoads()" classname="com.rba1aji.examinationmanagementsystem.ExaminationManagementSystemApplicationTests" time="0.006"/>
  <system-out><![CDATA[01:48:02.058 [Test worker] INFO org.springframework.test.context.support.AnnotationConfigContextLoaderUtils -- Could not detect default configuration classes for test class [com.rba1aji.examinationmanagementsystem.ExaminationManagementSystemApplicationTests]: ExaminationManagementSystemApplicationTests does not declare any static, non-private, non-final, nested classes annotated with @Configuration.
01:48:02.208 [Test worker] INFO org.springframework.boot.test.context.SpringBootTestContextBootstrapper -- Found @SpringBootConfiguration com.rba1aji.examinationmanagementsystem.ExaminationManagementSystemApplication for test class com.rba1aji.examinationmanagementsystem.ExaminationManagementSystemApplicationTests
EXAMMS
2023-11-21T01:48:02.789+05:30  INFO 21332 --- [    Test worker] minationManagementSystemApplicationTests : Starting ExaminationManagementSystemApplicationTests using Java 17.0.6 with PID 21332 (started by Balaji in C:\Users\Balaji\projects2\examination-management-system\examination-management-system)
2023-11-21T01:48:02.794+05:30  INFO 21332 --- [    Test worker] minationManagementSystemApplicationTests : No active profile set, falling back to 1 default profile: "default"
2023-11-21T01:48:03.756+05:30  INFO 21332 --- [    Test worker] .s.d.r.c.RepositoryConfigurationDelegate : Bootstrapping Spring Data JPA repositories in DEFAULT mode.
2023-11-21T01:48:03.866+05:30  INFO 21332 --- [    Test worker] .s.d.r.c.RepositoryConfigurationDelegate : Finished Spring Data repository scanning in 99 ms. Found 9 JPA repository interfaces.
2023-11-21T01:48:04.938+05:30  INFO 21332 --- [    Test worker] o.hibernate.jpa.internal.util.LogHelper  : HHH000204: Processing PersistenceUnitInfo [name: default]
2023-11-21T01:48:05.030+05:30  INFO 21332 --- [    Test worker] org.hibernate.Version                    : HHH000412: Hibernate ORM core version 6.2.7.Final
2023-11-21T01:48:05.033+05:30  INFO 21332 --- [    Test worker] org.hibernate.cfg.Environment            : HHH000406: Using bytecode reflection optimizer
2023-11-21T01:48:05.234+05:30  INFO 21332 --- [    Test worker] o.h.b.i.BytecodeProviderInitiator        : HHH000021: Bytecode provider name : bytebuddy
2023-11-21T01:48:05.463+05:30  INFO 21332 --- [    Test worker] o.s.o.j.p.SpringPersistenceUnitInfo      : No LoadTimeWeaver setup: ignoring JPA class transformer
2023-11-21T01:48:05.492+05:30  INFO 21332 --- [    Test worker] com.zaxxer.hikari.HikariDataSource       : HikariPool-1 - Starting...
2023-11-21T01:48:07.820+05:30  INFO 21332 --- [    Test worker] com.zaxxer.hikari.pool.HikariPool        : HikariPool-1 - Added connection org.postgresql.jdbc.PgConnection@14dbfdb1
2023-11-21T01:48:07.822+05:30  INFO 21332 --- [    Test worker] com.zaxxer.hikari.HikariDataSource       : HikariPool-1 - Start completed.
2023-11-21T01:48:08.467+05:30  INFO 21332 --- [    Test worker] o.h.b.i.BytecodeProviderInitiator        : HHH000021: Bytecode provider name : bytebuddy
2023-11-21T01:48:09.455+05:30  INFO 21332 --- [    Test worker] o.h.e.t.j.p.i.JtaPlatformInitiator       : HHH000490: Using JtaPlatform implementation: [org.hibernate.engine.transaction.jta.platform.internal.NoJtaPlatform]
Hibernate: alter table if exists exam_batch alter column end_time set data type timestamp(6)
Hibernate: alter table if exists exam_batch alter column start_time set data type timestamp(6)
Hibernate: alter table if exists student alter column date_of_birth set data type timestamp(6)
2023-11-21T01:48:13.380+05:30  INFO 21332 --- [    Test worker] j.LocalContainerEntityManagerFactoryBean : Initialized JPA EntityManagerFactory for persistence unit 'default'
2023-11-21T01:48:14.601+05:30  WARN 21332 --- [    Test worker] JpaBaseConfiguration$JpaWebConfiguration : spring.jpa.open-in-view is enabled by default. Therefore, database queries may be performed during view rendering. Explicitly configure spring.jpa.open-in-view to disable this warning
2023-11-21T01:48:14.787+05:30  INFO 21332 --- [    Test worker] o.s.s.web.DefaultSecurityFilterChain     : Will secure any request with [org.springframework.security.web.session.DisableEncodeUrlFilter@529fda9f, org.springframework.security.web.context.request.async.WebAsyncManagerIntegrationFilter@2b8f5aa4, org.springframework.security.web.context.SecurityContextHolderFilter@1f41f259, org.springframework.security.web.header.HeaderWriterFilter@64faf3d, org.springframework.security.web.authentication.logout.LogoutFilter@16448827, com.rba1aji.examinationmanagementsystem.security.CrossOriginFilter@643a73fa, com.rba1aji.examinationmanagementsystem.security.JwtAuthFilter@414d466e, org.springframework.security.web.savedrequest.RequestCacheAwareFilter@4a9d6eb9, org.springframework.security.web.servletapi.SecurityContextHolderAwareRequestFilter@24facb47, org.springframework.security.web.authentication.AnonymousAuthenticationFilter@7d0e46dd, org.springframework.security.web.access.ExceptionTranslationFilter@31ce271c, org.springframework.security.web.access.intercept.AuthorizationFilter@5da16ed6]
2023-11-21T01:48:15.564+05:30  INFO 21332 --- [    Test worker] minationManagementSystemApplicationTests : Started ExaminationManagementSystemApplicationTests in 13.154 seconds (process running for 14.914)

]]></system-out>
  <system-err><![CDATA[]]></system-err>
</testsuite>
