<?xml version="1.0" encoding="UTF-8"?>
<testsuite name="com.rba1aji.examinationmanagementsystem.ExaminationManagementSystemApplicationTests" tests="2" skipped="0" failures="0" errors="0" timestamp="2023-11-19T12:57:35" hostname="BALAJI" time="0.777">
  <properties/>
  <testcase name="readNumberCell()" classname="com.rba1aji.examinationmanagementsystem.ExaminationManagementSystemApplicationTests" time="0.772"/>
  <testcase name="contextLoads()" classname="com.rba1aji.examinationmanagementsystem.ExaminationManagementSystemApplicationTests" time="0.004"/>
  <system-out><![CDATA[18:27:29.503 [Test worker] INFO org.springframework.test.context.support.AnnotationConfigContextLoaderUtils -- Could not detect default configuration classes for test class [com.rba1aji.examinationmanagementsystem.ExaminationManagementSystemApplicationTests]: ExaminationManagementSystemApplicationTests does not declare any static, non-private, non-final, nested classes annotated with @Configuration.
18:27:29.631 [Test worker] INFO org.springframework.boot.test.context.SpringBootTestContextBootstrapper -- Found @SpringBootConfiguration com.rba1aji.examinationmanagementsystem.ExaminationManagementSystemApplication for test class com.rba1aji.examinationmanagementsystem.ExaminationManagementSystemApplicationTests
EXAMMS
2023-11-19T18:27:30.082+05:30  INFO 284 --- [    Test worker] minationManagementSystemApplicationTests : Starting ExaminationManagementSystemApplicationTests using Java 17.0.6 with PID 284 (started by Balaji in C:\Users\Balaji\projects2\examination-management-system\examination-management-system)
2023-11-19T18:27:30.085+05:30  INFO 284 --- [    Test worker] minationManagementSystemApplicationTests : No active profile set, falling back to 1 default profile: "default"
2023-11-19T18:27:30.862+05:30  INFO 284 --- [    Test worker] .s.d.r.c.RepositoryConfigurationDelegate : Bootstrapping Spring Data JPA repositories in DEFAULT mode.
2023-11-19T18:27:30.958+05:30  INFO 284 --- [    Test worker] .s.d.r.c.RepositoryConfigurationDelegate : Finished Spring Data repository scanning in 82 ms. Found 9 JPA repository interfaces.
2023-11-19T18:27:31.908+05:30  INFO 284 --- [    Test worker] o.hibernate.jpa.internal.util.LogHelper  : HHH000204: Processing PersistenceUnitInfo [name: default]
2023-11-19T18:27:31.985+05:30  INFO 284 --- [    Test worker] org.hibernate.Version                    : HHH000412: Hibernate ORM core version 6.2.7.Final
2023-11-19T18:27:31.988+05:30  INFO 284 --- [    Test worker] org.hibernate.cfg.Environment            : HHH000406: Using bytecode reflection optimizer
2023-11-19T18:27:32.175+05:30  INFO 284 --- [    Test worker] o.h.b.i.BytecodeProviderInitiator        : HHH000021: Bytecode provider name : bytebuddy
2023-11-19T18:27:32.329+05:30  INFO 284 --- [    Test worker] o.s.o.j.p.SpringPersistenceUnitInfo      : No LoadTimeWeaver setup: ignoring JPA class transformer
2023-11-19T18:27:32.344+05:30  INFO 284 --- [    Test worker] com.zaxxer.hikari.HikariDataSource       : HikariPool-1 - Starting...
2023-11-19T18:27:32.637+05:30  INFO 284 --- [    Test worker] com.zaxxer.hikari.pool.HikariPool        : HikariPool-1 - Added connection org.postgresql.jdbc.PgConnection@3d71e10b
2023-11-19T18:27:32.639+05:30  INFO 284 --- [    Test worker] com.zaxxer.hikari.HikariDataSource       : HikariPool-1 - Start completed.
2023-11-19T18:27:32.995+05:30  INFO 284 --- [    Test worker] o.h.b.i.BytecodeProviderInitiator        : HHH000021: Bytecode provider name : bytebuddy
2023-11-19T18:27:33.787+05:30  INFO 284 --- [    Test worker] o.h.e.t.j.p.i.JtaPlatformInitiator       : HHH000490: Using JtaPlatform implementation: [org.hibernate.engine.transaction.jta.platform.internal.NoJtaPlatform]
Hibernate: alter table if exists exam_batch alter column end_time set data type timestamp(6)
Hibernate: alter table if exists exam_batch alter column start_time set data type timestamp(6)
Hibernate: alter table if exists student alter column date_of_birth set data type timestamp(6)
2023-11-19T18:27:33.945+05:30  INFO 284 --- [    Test worker] j.LocalContainerEntityManagerFactoryBean : Initialized JPA EntityManagerFactory for persistence unit 'default'
2023-11-19T18:27:34.926+05:30  WARN 284 --- [    Test worker] JpaBaseConfiguration$JpaWebConfiguration : spring.jpa.open-in-view is enabled by default. Therefore, database queries may be performed during view rendering. Explicitly configure spring.jpa.open-in-view to disable this warning
2023-11-19T18:27:35.109+05:30  INFO 284 --- [    Test worker] o.s.s.web.DefaultSecurityFilterChain     : Will secure any request with [org.springframework.security.web.session.DisableEncodeUrlFilter@48cebb78, org.springframework.security.web.context.request.async.WebAsyncManagerIntegrationFilter@45c10678, org.springframework.security.web.context.SecurityContextHolderFilter@7a79a5d6, org.springframework.security.web.header.HeaderWriterFilter@480f1311, org.springframework.security.web.authentication.logout.LogoutFilter@568e2d65, com.rba1aji.examinationmanagementsystem.security.CrossOriginFilter@136cad3e, com.rba1aji.examinationmanagementsystem.security.JwtAuthFilter@3889c343, org.springframework.security.web.savedrequest.RequestCacheAwareFilter@1eaf4e77, org.springframework.security.web.servletapi.SecurityContextHolderAwareRequestFilter@4f466207, org.springframework.security.web.authentication.AnonymousAuthenticationFilter@4ad57db1, org.springframework.security.web.access.ExceptionTranslationFilter@16eca98a, org.springframework.security.web.access.intercept.AuthorizationFilter@569b3009]
2023-11-19T18:27:35.774+05:30  INFO 284 --- [    Test worker] minationManagementSystemApplicationTests : Started ExaminationManagementSystemApplicationTests in 5.977 seconds (process running for 7.335)

]]></system-out>
  <system-err><![CDATA[]]></system-err>
</testsuite>
